<?xml version="1.0" encoding="UTF-8"?>
<testng-results skipped="0" failed="4" ignored="0" total="28" passed="24">
  <reporter-output>
  </reporter-output>
  <suite name="Default Suite" duration-ms="639568" started-at="2018-09-21T07:16:40Z" finished-at="2018-09-21T07:27:19Z">
    <groups>
    </groups>
    <test name="test-number-0" duration-ms="210463" started-at="2018-09-21T07:16:40Z" finished-at="2018-09-21T07:20:10Z">
      <class name="OCTS_USECASE_Employee.HCM_Worker_Webservice_MainClass">
        <test-method status="PASS" signature="HCM_Worker(java.lang.String, java.lang.String)[pri:0, instance:OCTS_USECASE_Employee.HCM_Worker_Webservice_MainClass@560d5997]" name="HCM_Worker" duration-ms="210358" started-at="2018-09-21T07:16:40Z" finished-at="2018-09-21T07:20:10Z">
          <params>
            <param index="0">
              <value>
                <![CDATA[C:\Automation_OCTS\Data\InputDataSheet\ERP_HCM_Worker_InputDatasheet.xlsx]]>
              </value>
            </param>
            <param index="1">
              <value>
                <![CDATA[C:\Automation_OCTS\Data\DAT\Worker.zip]]>
              </value>
            </param>
          </params>
          <reporter-output>
          </reporter-output>
        </test-method> <!-- HCM_Worker -->
        <test-method status="PASS" signature="getResult(org.testng.ITestResult)[pri:0, instance:OCTS_USECASE_Employee.HCM_Worker_Webservice_MainClass@560d5997]" name="getResult" is-config="true" duration-ms="56" started-at="2018-09-21T07:20:10Z" finished-at="2018-09-21T07:20:10Z">
          <params>
            <param index="0">
              <value>
                <![CDATA[[TestResult name=HCM_Worker status=SUCCESS method=HCM_Worker_Webservice_MainClass.HCM_Worker(java.lang.String, java.lang.String)[pri:0, instance:OCTS_USECASE_Employee.HCM_Worker_Webservice_MainClass@560d5997] output={null}]]]>
              </value>
            </param>
          </params>
          <reporter-output>
          </reporter-output>
        </test-method> <!-- getResult -->
      </class> <!-- OCTS_USECASE_Employee.HCM_Worker_Webservice_MainClass -->
    </test> <!-- test-number-0 -->
    <test name="test-number-1" duration-ms="348" started-at="2018-09-21T07:20:10Z" finished-at="2018-09-21T07:20:10Z">
      <class name="OCTS_USECASE_Employee.EmployeeNameValidation">
        <test-method status="PASS" signature="empNameValidation()[pri:0, instance:OCTS_USECASE_Employee.EmployeeNameValidation@7b379145]" name="empNameValidation" duration-ms="344" started-at="2018-09-21T07:20:10Z" finished-at="2018-09-21T07:20:10Z">
          <reporter-output>
          </reporter-output>
        </test-method> <!-- empNameValidation -->
        <test-method status="PASS" signature="getResult(org.testng.ITestResult)[pri:0, instance:OCTS_USECASE_Employee.EmployeeNameValidation@7b379145]" name="getResult" is-config="true" duration-ms="1" started-at="2018-09-21T07:20:10Z" finished-at="2018-09-21T07:20:10Z">
          <params>
            <param index="0">
              <value>
                <![CDATA[[TestResult name=empNameValidation status=SUCCESS method=EmployeeNameValidation.empNameValidation()[pri:0, instance:OCTS_USECASE_Employee.EmployeeNameValidation@7b379145] output={null}]]]>
              </value>
            </param>
          </params>
          <reporter-output>
          </reporter-output>
        </test-method> <!-- getResult -->
      </class> <!-- OCTS_USECASE_Employee.EmployeeNameValidation -->
    </test> <!-- test-number-1 -->
    <test name="test-number-2" duration-ms="217" started-at="2018-09-21T07:20:11Z" finished-at="2018-09-21T07:20:11Z">
      <class name="OCTS_USECASE_Employee.EmployeeAssignmentValidation">
        <test-method status="PASS" signature="empAssignmentValidation()[pri:0, instance:OCTS_USECASE_Employee.EmployeeAssignmentValidation@65d1a5e]" name="empAssignmentValidation" duration-ms="214" started-at="2018-09-21T07:20:11Z" finished-at="2018-09-21T07:20:11Z">
          <reporter-output>
          </reporter-output>
        </test-method> <!-- empAssignmentValidation -->
        <test-method status="PASS" signature="getResult(org.testng.ITestResult)[pri:0, instance:OCTS_USECASE_Employee.EmployeeAssignmentValidation@65d1a5e]" name="getResult" is-config="true" duration-ms="2" started-at="2018-09-21T07:20:11Z" finished-at="2018-09-21T07:20:11Z">
          <params>
            <param index="0">
              <value>
                <![CDATA[[TestResult name=empAssignmentValidation status=SUCCESS method=EmployeeAssignmentValidation.empAssignmentValidation()[pri:0, instance:OCTS_USECASE_Employee.EmployeeAssignmentValidation@65d1a5e] output={null}]]]>
              </value>
            </param>
          </params>
          <reporter-output>
          </reporter-output>
        </test-method> <!-- getResult -->
      </class> <!-- OCTS_USECASE_Employee.EmployeeAssignmentValidation -->
    </test> <!-- test-number-2 -->
    <test name="test-number-3" duration-ms="153" started-at="2018-09-21T07:20:11Z" finished-at="2018-09-21T07:20:11Z">
      <class name="OCTS_USECASE_Employee.EmployeeBusinessUnitValidation">
        <test-method status="PASS" signature="empBusinessUnitValidation()[pri:0, instance:OCTS_USECASE_Employee.EmployeeBusinessUnitValidation@2d4e3ce9]" name="empBusinessUnitValidation" duration-ms="147" started-at="2018-09-21T07:20:11Z" finished-at="2018-09-21T07:20:11Z">
          <reporter-output>
          </reporter-output>
        </test-method> <!-- empBusinessUnitValidation -->
        <test-method status="PASS" signature="getResult(org.testng.ITestResult)[pri:0, instance:OCTS_USECASE_Employee.EmployeeBusinessUnitValidation@2d4e3ce9]" name="getResult" is-config="true" duration-ms="3" started-at="2018-09-21T07:20:11Z" finished-at="2018-09-21T07:20:11Z">
          <params>
            <param index="0">
              <value>
                <![CDATA[[TestResult name=empBusinessUnitValidation status=SUCCESS method=EmployeeBusinessUnitValidation.empBusinessUnitValidation()[pri:0, instance:OCTS_USECASE_Employee.EmployeeBusinessUnitValidation@2d4e3ce9] output={null}]]]>
              </value>
            </param>
          </params>
          <reporter-output>
          </reporter-output>
        </test-method> <!-- getResult -->
      </class> <!-- OCTS_USECASE_Employee.EmployeeBusinessUnitValidation -->
    </test> <!-- test-number-3 -->
    <test name="test-number-4" duration-ms="170" started-at="2018-09-21T07:20:11Z" finished-at="2018-09-21T07:20:11Z">
      <class name="OCTS_USECASE_Employee.EmployeePayTypeValidation">
        <test-method status="PASS" signature="empAssignmentStatusValidation()[pri:0, instance:OCTS_USECASE_Employee.EmployeePayTypeValidation@4b99bbe1]" name="empAssignmentStatusValidation" duration-ms="167" started-at="2018-09-21T07:20:11Z" finished-at="2018-09-21T07:20:11Z">
          <reporter-output>
          </reporter-output>
        </test-method> <!-- empAssignmentStatusValidation -->
        <test-method status="PASS" signature="getResult(org.testng.ITestResult)[pri:0, instance:OCTS_USECASE_Employee.EmployeePayTypeValidation@4b99bbe1]" name="getResult" is-config="true" duration-ms="1" started-at="2018-09-21T07:20:11Z" finished-at="2018-09-21T07:20:11Z">
          <params>
            <param index="0">
              <value>
                <![CDATA[[TestResult name=empAssignmentStatusValidation status=SUCCESS method=EmployeePayTypeValidation.empAssignmentStatusValidation()[pri:0, instance:OCTS_USECASE_Employee.EmployeePayTypeValidation@4b99bbe1] output={null}]]]>
              </value>
            </param>
          </params>
          <reporter-output>
          </reporter-output>
        </test-method> <!-- getResult -->
      </class> <!-- OCTS_USECASE_Employee.EmployeePayTypeValidation -->
    </test> <!-- test-number-4 -->
    <test name="test-number-5" duration-ms="118" started-at="2018-09-21T07:20:11Z" finished-at="2018-09-21T07:20:11Z">
      <class name="OCTS_USECASE_Employee.EmployeePayrollEligible">
        <test-method status="PASS" signature="empAssignmentStatusValidation()[pri:0, instance:OCTS_USECASE_Employee.EmployeePayrollEligible@3a9f4e34]" name="empAssignmentStatusValidation" duration-ms="116" started-at="2018-09-21T07:20:11Z" finished-at="2018-09-21T07:20:11Z">
          <reporter-output>
          </reporter-output>
        </test-method> <!-- empAssignmentStatusValidation -->
        <test-method status="PASS" signature="getResult(org.testng.ITestResult)[pri:0, instance:OCTS_USECASE_Employee.EmployeePayrollEligible@3a9f4e34]" name="getResult" is-config="true" duration-ms="1" started-at="2018-09-21T07:20:11Z" finished-at="2018-09-21T07:20:11Z">
          <params>
            <param index="0">
              <value>
                <![CDATA[[TestResult name=empAssignmentStatusValidation status=SUCCESS method=EmployeePayrollEligible.empAssignmentStatusValidation()[pri:0, instance:OCTS_USECASE_Employee.EmployeePayrollEligible@3a9f4e34] output={null}]]]>
              </value>
            </param>
          </params>
          <reporter-output>
          </reporter-output>
        </test-method> <!-- getResult -->
      </class> <!-- OCTS_USECASE_Employee.EmployeePayrollEligible -->
    </test> <!-- test-number-5 -->
    <test name="test-number-6" duration-ms="191" started-at="2018-09-21T07:20:11Z" finished-at="2018-09-21T07:20:12Z">
      <class name="OCTS_USECASE_Employee.EmployeeStandardHoursValidation">
        <test-method status="PASS" signature="empAssignmentStatusValidation()[pri:0, instance:OCTS_USECASE_Employee.EmployeeStandardHoursValidation@547d7179]" name="empAssignmentStatusValidation" duration-ms="189" started-at="2018-09-21T07:20:11Z" finished-at="2018-09-21T07:20:12Z">
          <reporter-output>
          </reporter-output>
        </test-method> <!-- empAssignmentStatusValidation -->
        <test-method status="PASS" signature="getResult(org.testng.ITestResult)[pri:0, instance:OCTS_USECASE_Employee.EmployeeStandardHoursValidation@547d7179]" name="getResult" is-config="true" duration-ms="1" started-at="2018-09-21T07:20:12Z" finished-at="2018-09-21T07:20:12Z">
          <params>
            <param index="0">
              <value>
                <![CDATA[[TestResult name=empAssignmentStatusValidation status=SUCCESS method=EmployeeStandardHoursValidation.empAssignmentStatusValidation()[pri:0, instance:OCTS_USECASE_Employee.EmployeeStandardHoursValidation@547d7179] output={null}]]]>
              </value>
            </param>
          </params>
          <reporter-output>
          </reporter-output>
        </test-method> <!-- getResult -->
      </class> <!-- OCTS_USECASE_Employee.EmployeeStandardHoursValidation -->
    </test> <!-- test-number-6 -->
    <test name="test-number-7" duration-ms="138593" started-at="2018-09-21T07:20:12Z" finished-at="2018-09-21T07:22:30Z">
      <class name="OCTS_USECASE_Employee.HCM_BenefitGroup_Webservice_MainClass">
        <test-method status="PASS" signature="HCM_BenefitGroup(java.lang.String, java.lang.String)[pri:0, instance:OCTS_USECASE_Employee.HCM_BenefitGroup_Webservice_MainClass@2fafee7d]" name="HCM_BenefitGroup" duration-ms="138590" started-at="2018-09-21T07:20:12Z" finished-at="2018-09-21T07:22:30Z">
          <params>
            <param index="0">
              <value>
                <![CDATA[C:\Automation_OCTS\Data\InputDataSheet\ERP_HCM_Worker_InputDatasheet.xlsx]]>
              </value>
            </param>
            <param index="1">
              <value>
                <![CDATA[C:\Automation_OCTS\Data\DAT\Worker.zip]]>
              </value>
            </param>
          </params>
          <reporter-output>
          </reporter-output>
        </test-method> <!-- HCM_BenefitGroup -->
        <test-method status="PASS" signature="getResult(org.testng.ITestResult)[pri:0, instance:OCTS_USECASE_Employee.HCM_BenefitGroup_Webservice_MainClass@2fafee7d]" name="getResult" is-config="true" duration-ms="1" started-at="2018-09-21T07:22:30Z" finished-at="2018-09-21T07:22:30Z">
          <params>
            <param index="0">
              <value>
                <![CDATA[[TestResult name=HCM_BenefitGroup status=SUCCESS method=HCM_BenefitGroup_Webservice_MainClass.HCM_BenefitGroup(java.lang.String, java.lang.String)[pri:0, instance:OCTS_USECASE_Employee.HCM_BenefitGroup_Webservice_MainClass@2fafee7d] output={null}]]]>
              </value>
            </param>
          </params>
          <reporter-output>
          </reporter-output>
        </test-method> <!-- getResult -->
      </class> <!-- OCTS_USECASE_Employee.HCM_BenefitGroup_Webservice_MainClass -->
    </test> <!-- test-number-7 -->
    <test name="test-number-8" duration-ms="289" started-at="2018-09-21T07:22:30Z" finished-at="2018-09-21T07:22:31Z">
      <class name="OCTS_USECASE_Employee.BenefitGroupEmployeeValidation">
        <test-method status="PASS" signature="benefitGroupEmployeeValidation()[pri:0, instance:OCTS_USECASE_Employee.BenefitGroupEmployeeValidation@46630975]" name="benefitGroupEmployeeValidation" duration-ms="286" started-at="2018-09-21T07:22:30Z" finished-at="2018-09-21T07:22:31Z">
          <reporter-output>
          </reporter-output>
        </test-method> <!-- benefitGroupEmployeeValidation -->
        <test-method status="PASS" signature="getResult(org.testng.ITestResult)[pri:0, instance:OCTS_USECASE_Employee.BenefitGroupEmployeeValidation@46630975]" name="getResult" is-config="true" duration-ms="1" started-at="2018-09-21T07:22:31Z" finished-at="2018-09-21T07:22:31Z">
          <params>
            <param index="0">
              <value>
                <![CDATA[[TestResult name=benefitGroupEmployeeValidation status=SUCCESS method=BenefitGroupEmployeeValidation.benefitGroupEmployeeValidation()[pri:0, instance:OCTS_USECASE_Employee.BenefitGroupEmployeeValidation@46630975] output={null}]]]>
              </value>
            </param>
          </params>
          <reporter-output>
          </reporter-output>
        </test-method> <!-- getResult -->
      </class> <!-- OCTS_USECASE_Employee.BenefitGroupEmployeeValidation -->
    </test> <!-- test-number-8 -->
    <test name="test-number-9" duration-ms="103" started-at="2018-09-21T07:22:31Z" finished-at="2018-09-21T07:22:31Z">
      <class name="OCTS_USECASE_Employee.DeleteBenefitGroupEmployeeValidation">
        <test-method status="PASS" signature="deleteBenefitGroupEmployeeValidation()[pri:0, instance:OCTS_USECASE_Employee.DeleteBenefitGroupEmployeeValidation@48e5b4c8]" name="deleteBenefitGroupEmployeeValidation" duration-ms="101" started-at="2018-09-21T07:22:31Z" finished-at="2018-09-21T07:22:31Z">
          <reporter-output>
          </reporter-output>
        </test-method> <!-- deleteBenefitGroupEmployeeValidation -->
        <test-method status="PASS" signature="getResult(org.testng.ITestResult)[pri:0, instance:OCTS_USECASE_Employee.DeleteBenefitGroupEmployeeValidation@48e5b4c8]" name="getResult" is-config="true" duration-ms="1" started-at="2018-09-21T07:22:31Z" finished-at="2018-09-21T07:22:31Z">
          <params>
            <param index="0">
              <value>
                <![CDATA[[TestResult name=deleteBenefitGroupEmployeeValidation status=SUCCESS method=DeleteBenefitGroupEmployeeValidation.deleteBenefitGroupEmployeeValidation()[pri:0, instance:OCTS_USECASE_Employee.DeleteBenefitGroupEmployeeValidation@48e5b4c8] output={null}]]]>
              </value>
            </param>
          </params>
          <reporter-output>
          </reporter-output>
        </test-method> <!-- getResult -->
      </class> <!-- OCTS_USECASE_Employee.DeleteBenefitGroupEmployeeValidation -->
    </test> <!-- test-number-9 -->
    <test name="test-number-10" duration-ms="118692" started-at="2018-09-21T07:22:31Z" finished-at="2018-09-21T07:24:30Z">
      <class name="OCTS_USECASE_Employee.HCM_PersonDisability_Webservice_MainClass">
        <test-method status="PASS" signature="HCM_PersonDisability(java.lang.String, java.lang.String)[pri:0, instance:OCTS_USECASE_Employee.HCM_PersonDisability_Webservice_MainClass@7aa204b0]" name="HCM_PersonDisability" duration-ms="118682" started-at="2018-09-21T07:22:31Z" finished-at="2018-09-21T07:24:30Z">
          <params>
            <param index="0">
              <value>
                <![CDATA[C:\Automation_OCTS\Data\InputDataSheet\ERP_HCM_Worker_InputDatasheet.xlsx]]>
              </value>
            </param>
            <param index="1">
              <value>
                <![CDATA[C:\Automation_OCTS\Data\DAT\Worker.zip]]>
              </value>
            </param>
          </params>
          <reporter-output>
          </reporter-output>
        </test-method> <!-- HCM_PersonDisability -->
        <test-method status="PASS" signature="getResult(org.testng.ITestResult)[pri:0, instance:OCTS_USECASE_Employee.HCM_PersonDisability_Webservice_MainClass@7aa204b0]" name="getResult" is-config="true" duration-ms="5" started-at="2018-09-21T07:24:30Z" finished-at="2018-09-21T07:24:30Z">
          <params>
            <param index="0">
              <value>
                <![CDATA[[TestResult name=HCM_PersonDisability status=SUCCESS method=HCM_PersonDisability_Webservice_MainClass.HCM_PersonDisability(java.lang.String, java.lang.String)[pri:0, instance:OCTS_USECASE_Employee.HCM_PersonDisability_Webservice_MainClass@7aa204b0] output={null}]]]>
              </value>
            </param>
          </params>
          <reporter-output>
          </reporter-output>
        </test-method> <!-- getResult -->
      </class> <!-- OCTS_USECASE_Employee.HCM_PersonDisability_Webservice_MainClass -->
    </test> <!-- test-number-10 -->
    <test name="test-number-11" duration-ms="117" started-at="2018-09-21T07:24:30Z" finished-at="2018-09-21T07:24:30Z">
      <class name="OCTS_USECASE_Employee.PersonDisabilityEmployeeValidation">
        <test-method status="PASS" signature="personDisabilityEmployeeValidation()[pri:0, instance:OCTS_USECASE_Employee.PersonDisabilityEmployeeValidation@36d75ac4]" name="personDisabilityEmployeeValidation" duration-ms="106" started-at="2018-09-21T07:24:30Z" finished-at="2018-09-21T07:24:30Z">
          <reporter-output>
          </reporter-output>
        </test-method> <!-- personDisabilityEmployeeValidation -->
        <test-method status="PASS" signature="getResult(org.testng.ITestResult)[pri:0, instance:OCTS_USECASE_Employee.PersonDisabilityEmployeeValidation@36d75ac4]" name="getResult" is-config="true" duration-ms="1" started-at="2018-09-21T07:24:30Z" finished-at="2018-09-21T07:24:30Z">
          <params>
            <param index="0">
              <value>
                <![CDATA[[TestResult name=personDisabilityEmployeeValidation status=SUCCESS method=PersonDisabilityEmployeeValidation.personDisabilityEmployeeValidation()[pri:0, instance:OCTS_USECASE_Employee.PersonDisabilityEmployeeValidation@36d75ac4] output={null}]]]>
              </value>
            </param>
          </params>
          <reporter-output>
          </reporter-output>
        </test-method> <!-- getResult -->
      </class> <!-- OCTS_USECASE_Employee.PersonDisabilityEmployeeValidation -->
    </test> <!-- test-number-11 -->
    <test name="test-number-12" duration-ms="72" started-at="2018-09-21T07:24:30Z" finished-at="2018-09-21T07:24:30Z">
      <class name="OCTS_USECASE_Employee.DeletePersonDisabilityEmployeeValidation">
        <test-method status="PASS" signature="deletePersonDisabilityEmployeeValidation()[pri:0, instance:OCTS_USECASE_Employee.DeletePersonDisabilityEmployeeValidation@4468e7cc]" name="deletePersonDisabilityEmployeeValidation" duration-ms="69" started-at="2018-09-21T07:24:30Z" finished-at="2018-09-21T07:24:30Z">
          <reporter-output>
          </reporter-output>
        </test-method> <!-- deletePersonDisabilityEmployeeValidation -->
        <test-method status="PASS" signature="getResult(org.testng.ITestResult)[pri:0, instance:OCTS_USECASE_Employee.DeletePersonDisabilityEmployeeValidation@4468e7cc]" name="getResult" is-config="true" duration-ms="2" started-at="2018-09-21T07:24:30Z" finished-at="2018-09-21T07:24:30Z">
          <params>
            <param index="0">
              <value>
                <![CDATA[[TestResult name=deletePersonDisabilityEmployeeValidation status=SUCCESS method=DeletePersonDisabilityEmployeeValidation.deletePersonDisabilityEmployeeValidation()[pri:0, instance:OCTS_USECASE_Employee.DeletePersonDisabilityEmployeeValidation@4468e7cc] output={null}]]]>
              </value>
            </param>
          </params>
          <reporter-output>
          </reporter-output>
        </test-method> <!-- getResult -->
      </class> <!-- OCTS_USECASE_Employee.DeletePersonDisabilityEmployeeValidation -->
    </test> <!-- test-number-12 -->
    <test name="test-number-13" duration-ms="154995" started-at="2018-09-21T07:24:30Z" finished-at="2018-09-21T07:27:05Z">
      <class name="OCTS_USECASE_Employee.HCM_Salary_Webservice_MainClass">
        <test-method status="PASS" signature="HCM_Salary(java.lang.String, java.lang.String)[pri:0, instance:OCTS_USECASE_Employee.HCM_Salary_Webservice_MainClass@496cbc89]" name="HCM_Salary" duration-ms="154986" started-at="2018-09-21T07:24:30Z" finished-at="2018-09-21T07:27:05Z">
          <params>
            <param index="0">
              <value>
                <![CDATA[C:\Automation_OCTS\Data\InputDataSheet\ERP_HCM_Worker_InputDatasheet.xlsx]]>
              </value>
            </param>
            <param index="1">
              <value>
                <![CDATA[C:\Automation_OCTS\Data\DAT\Worker.zip]]>
              </value>
            </param>
          </params>
          <reporter-output>
          </reporter-output>
        </test-method> <!-- HCM_Salary -->
        <test-method status="PASS" signature="getResult(org.testng.ITestResult)[pri:0, instance:OCTS_USECASE_Employee.HCM_Salary_Webservice_MainClass@496cbc89]" name="getResult" is-config="true" duration-ms="6" started-at="2018-09-21T07:27:05Z" finished-at="2018-09-21T07:27:05Z">
          <params>
            <param index="0">
              <value>
                <![CDATA[[TestResult name=HCM_Salary status=SUCCESS method=HCM_Salary_Webservice_MainClass.HCM_Salary(java.lang.String, java.lang.String)[pri:0, instance:OCTS_USECASE_Employee.HCM_Salary_Webservice_MainClass@496cbc89] output={null}]]]>
              </value>
            </param>
          </params>
          <reporter-output>
          </reporter-output>
        </test-method> <!-- getResult -->
      </class> <!-- OCTS_USECASE_Employee.HCM_Salary_Webservice_MainClass -->
    </test> <!-- test-number-13 -->
    <test name="test-number-14" duration-ms="77" started-at="2018-09-21T07:27:05Z" finished-at="2018-09-21T07:27:05Z">
      <class name="OCTS_USECASE_Employee.SalaryEmployeeValidation">
        <test-method status="PASS" signature="salaryEmployeeValidation()[pri:0, instance:OCTS_USECASE_Employee.SalaryEmployeeValidation@68b26f40]" name="salaryEmployeeValidation" duration-ms="73" started-at="2018-09-21T07:27:05Z" finished-at="2018-09-21T07:27:05Z">
          <reporter-output>
          </reporter-output>
        </test-method> <!-- salaryEmployeeValidation -->
        <test-method status="PASS" signature="getResult(org.testng.ITestResult)[pri:0, instance:OCTS_USECASE_Employee.SalaryEmployeeValidation@68b26f40]" name="getResult" is-config="true" duration-ms="1" started-at="2018-09-21T07:27:05Z" finished-at="2018-09-21T07:27:05Z">
          <params>
            <param index="0">
              <value>
                <![CDATA[[TestResult name=salaryEmployeeValidation status=SUCCESS method=SalaryEmployeeValidation.salaryEmployeeValidation()[pri:0, instance:OCTS_USECASE_Employee.SalaryEmployeeValidation@68b26f40] output={null}]]]>
              </value>
            </param>
          </params>
          <reporter-output>
          </reporter-output>
        </test-method> <!-- getResult -->
      </class> <!-- OCTS_USECASE_Employee.SalaryEmployeeValidation -->
    </test> <!-- test-number-14 -->
    <test name="test-number-15" duration-ms="59" started-at="2018-09-21T07:27:05Z" finished-at="2018-09-21T07:27:05Z">
      <class name="OCTS_USECASE_Employee.DeleteSalaryEmployeeValidation">
        <test-method status="PASS" signature="deleteSalaryEmployeeValidation()[pri:0, instance:OCTS_USECASE_Employee.DeleteSalaryEmployeeValidation@7204be27]" name="deleteSalaryEmployeeValidation" duration-ms="55" started-at="2018-09-21T07:27:05Z" finished-at="2018-09-21T07:27:05Z">
          <reporter-output>
          </reporter-output>
        </test-method> <!-- deleteSalaryEmployeeValidation -->
        <test-method status="PASS" signature="getResult(org.testng.ITestResult)[pri:0, instance:OCTS_USECASE_Employee.DeleteSalaryEmployeeValidation@7204be27]" name="getResult" is-config="true" duration-ms="2" started-at="2018-09-21T07:27:05Z" finished-at="2018-09-21T07:27:05Z">
          <params>
            <param index="0">
              <value>
                <![CDATA[[TestResult name=deleteSalaryEmployeeValidation status=SUCCESS method=DeleteSalaryEmployeeValidation.deleteSalaryEmployeeValidation()[pri:0, instance:OCTS_USECASE_Employee.DeleteSalaryEmployeeValidation@7204be27] output={null}]]]>
              </value>
            </param>
          </params>
          <reporter-output>
          </reporter-output>
        </test-method> <!-- getResult -->
      </class> <!-- OCTS_USECASE_Employee.DeleteSalaryEmployeeValidation -->
    </test> <!-- test-number-15 -->
    <test name="test-number-16" duration-ms="8346" started-at="2018-09-21T07:27:05Z" finished-at="2018-09-21T07:27:14Z">
      <class name="OCTS_USECASE_Employee.HCM_ScheduleAssignment_Webservice_MainClass">
        <test-method status="FAIL" signature="HCM_ScheduleAssignment(java.lang.String, java.lang.String)[pri:0, instance:OCTS_USECASE_Employee.HCM_ScheduleAssignment_Webservice_MainClass@694b9018]" name="HCM_ScheduleAssignment" duration-ms="8310" started-at="2018-09-21T07:27:05Z" finished-at="2018-09-21T07:27:14Z">
          <params>
            <param index="0">
              <value>
                <![CDATA[C:\Automation_OCTS\Data\InputDataSheet\ERP_HCM_Worker_InputDatasheet.xlsx]]>
              </value>
            </param>
            <param index="1">
              <value>
                <![CDATA[C:\Automation_OCTS\Data\DAT\Worker.zip]]>
              </value>
            </param>
          </params>
          <exception class="java.lang.Exception">
            <message>
              <![CDATA[UploadFileToUcm: Error occurred while sending SOAP Request to Server]]>
            </message>
            <full-stacktrace>
              <![CDATA[java.lang.Exception: UploadFileToUcm: Error occurred while sending SOAP Request to Server
at OCTS_USECASE_Employee.HCM_ScheduleAssignment_Webservice_MainClass.HCM_ScheduleAssignment(HCM_ScheduleAssignment_Webservice_MainClass.java:389)
at sun.reflect.NativeMethodAccessorImpl.invoke0(Native Method)
at sun.reflect.NativeMethodAccessorImpl.invoke(Unknown Source)
at sun.reflect.DelegatingMethodAccessorImpl.invoke(Unknown Source)
at java.lang.reflect.Method.invoke(Unknown Source)
at org.testng.internal.MethodInvocationHelper.invokeMethod(MethodInvocationHelper.java:124)
at org.testng.internal.Invoker.invokeMethod(Invoker.java:580)
at org.testng.internal.Invoker.invokeTestMethod(Invoker.java:716)
at org.testng.internal.Invoker.invokeTestMethods(Invoker.java:988)
at org.testng.internal.TestMethodWorker.invokeTestMethods(TestMethodWorker.java:125)
at org.testng.internal.TestMethodWorker.run(TestMethodWorker.java:109)
at org.testng.TestRunner.privateRun(TestRunner.java:648)
at org.testng.TestRunner.run(TestRunner.java:505)
at org.testng.SuiteRunner.runTest(SuiteRunner.java:455)
at org.testng.SuiteRunner.runSequentially(SuiteRunner.java:450)
at org.testng.SuiteRunner.privateRun(SuiteRunner.java:415)
at org.testng.SuiteRunner.run(SuiteRunner.java:364)
at org.testng.SuiteRunnerWorker.runSuite(SuiteRunnerWorker.java:52)
at org.testng.SuiteRunnerWorker.run(SuiteRunnerWorker.java:84)
at org.testng.TestNG.runSuitesSequentially(TestNG.java:1208)
at org.testng.TestNG.runSuitesLocally(TestNG.java:1137)
at org.testng.TestNG.runSuites(TestNG.java:1049)
at org.testng.TestNG.run(TestNG.java:1017)
at OCTS_Automation_Main_Modules.Invoke_TestNG_Classes.iterateThroughTestCases(Invoke_TestNG_Classes.java:171)
at OCTS_UI.FXMLController$1.call(FXMLController.java:580)
at javafx.concurrent.Task$TaskCallable.call(Task.java:1423)
at java.util.concurrent.FutureTask.run(Unknown Source)
at java.lang.Thread.run(Unknown Source)
]]>
            </full-stacktrace>
          </exception> <!-- java.lang.Exception -->
          <reporter-output>
          </reporter-output>
        </test-method> <!-- HCM_ScheduleAssignment -->
        <test-method status="PASS" signature="getResult(org.testng.ITestResult)[pri:0, instance:OCTS_USECASE_Employee.HCM_ScheduleAssignment_Webservice_MainClass@694b9018]" name="getResult" is-config="true" duration-ms="34" started-at="2018-09-21T07:27:14Z" finished-at="2018-09-21T07:27:14Z">
          <params>
            <param index="0">
              <value>
                <![CDATA[[TestResult name=HCM_ScheduleAssignment status=FAILURE method=HCM_ScheduleAssignment_Webservice_MainClass.HCM_ScheduleAssignment(java.lang.String, java.lang.String)[pri:0, instance:OCTS_USECASE_Employee.HCM_ScheduleAssignment_Webservice_MainClass@694b9018] output={null}]]]>
              </value>
            </param>
          </params>
          <reporter-output>
          </reporter-output>
        </test-method> <!-- getResult -->
      </class> <!-- OCTS_USECASE_Employee.HCM_ScheduleAssignment_Webservice_MainClass -->
    </test> <!-- test-number-16 -->
    <test name="test-number-17" duration-ms="48" started-at="2018-09-21T07:27:14Z" finished-at="2018-09-21T07:27:14Z">
      <class name="OCTS_USECASE_Employee.ScheduleAssignmentEmployeeValidation">
        <test-method status="PASS" signature="scheduleAssignmentEmployeeValidation()[pri:0, instance:OCTS_USECASE_Employee.ScheduleAssignmentEmployeeValidation@6bd2acf4]" name="scheduleAssignmentEmployeeValidation" duration-ms="46" started-at="2018-09-21T07:27:14Z" finished-at="2018-09-21T07:27:14Z">
          <reporter-output>
          </reporter-output>
        </test-method> <!-- scheduleAssignmentEmployeeValidation -->
        <test-method status="PASS" signature="getResult(org.testng.ITestResult)[pri:0, instance:OCTS_USECASE_Employee.ScheduleAssignmentEmployeeValidation@6bd2acf4]" name="getResult" is-config="true" duration-ms="1" started-at="2018-09-21T07:27:14Z" finished-at="2018-09-21T07:27:14Z">
          <params>
            <param index="0">
              <value>
                <![CDATA[[TestResult name=scheduleAssignmentEmployeeValidation status=SUCCESS method=ScheduleAssignmentEmployeeValidation.scheduleAssignmentEmployeeValidation()[pri:0, instance:OCTS_USECASE_Employee.ScheduleAssignmentEmployeeValidation@6bd2acf4] output={null}]]]>
              </value>
            </param>
          </params>
          <reporter-output>
          </reporter-output>
        </test-method> <!-- getResult -->
      </class> <!-- OCTS_USECASE_Employee.ScheduleAssignmentEmployeeValidation -->
    </test> <!-- test-number-17 -->
    <test name="test-number-18" duration-ms="43" started-at="2018-09-21T07:27:14Z" finished-at="2018-09-21T07:27:14Z">
      <class name="OCTS_USECASE_Employee.DeleteScheduleAssignmentEmployeeValidation">
        <test-method status="PASS" signature="deleteScheduleAssignmentEmployeeValidation()[pri:0, instance:OCTS_USECASE_Employee.DeleteScheduleAssignmentEmployeeValidation@296b652b]" name="deleteScheduleAssignmentEmployeeValidation" duration-ms="41" started-at="2018-09-21T07:27:14Z" finished-at="2018-09-21T07:27:14Z">
          <reporter-output>
          </reporter-output>
        </test-method> <!-- deleteScheduleAssignmentEmployeeValidation -->
        <test-method status="PASS" signature="getResult(org.testng.ITestResult)[pri:0, instance:OCTS_USECASE_Employee.DeleteScheduleAssignmentEmployeeValidation@296b652b]" name="getResult" is-config="true" duration-ms="1" started-at="2018-09-21T07:27:14Z" finished-at="2018-09-21T07:27:14Z">
          <params>
            <param index="0">
              <value>
                <![CDATA[[TestResult name=deleteScheduleAssignmentEmployeeValidation status=SUCCESS method=DeleteScheduleAssignmentEmployeeValidation.deleteScheduleAssignmentEmployeeValidation()[pri:0, instance:OCTS_USECASE_Employee.DeleteScheduleAssignmentEmployeeValidation@296b652b] output={null}]]]>
              </value>
            </param>
          </params>
          <reporter-output>
          </reporter-output>
        </test-method> <!-- getResult -->
      </class> <!-- OCTS_USECASE_Employee.DeleteScheduleAssignmentEmployeeValidation -->
    </test> <!-- test-number-18 -->
    <test name="test-number-19" duration-ms="1576" started-at="2018-09-21T07:27:14Z" finished-at="2018-09-21T07:27:16Z">
      <class name="OCTS_USECASE_Employee.HCM_TimeRecordGroupWebservice_MainClass">
        <test-method status="FAIL" signature="HCM_TimeRecordGroup(java.lang.String, java.lang.String)[pri:0, instance:OCTS_USECASE_Employee.HCM_TimeRecordGroupWebservice_MainClass@5a22f62c]" name="HCM_TimeRecordGroup" duration-ms="1553" started-at="2018-09-21T07:27:14Z" finished-at="2018-09-21T07:27:16Z">
          <params>
            <param index="0">
              <value>
                <![CDATA[C:\Automation_OCTS\Data\InputDataSheet\ERP_HCM_Worker_InputDatasheet.xlsx]]>
              </value>
            </param>
            <param index="1">
              <value>
                <![CDATA[C:\Automation_OCTS\Data\DAT\Worker.zip]]>
              </value>
            </param>
          </params>
          <exception class="java.lang.Exception">
            <message>
              <![CDATA[UploadFileToUcm: Error occurred while sending SOAP Request to Server]]>
            </message>
            <full-stacktrace>
              <![CDATA[java.lang.Exception: UploadFileToUcm: Error occurred while sending SOAP Request to Server
at OCTS_USECASE_Employee.HCM_TimeRecordGroupWebservice_MainClass.HCM_TimeRecordGroup(HCM_TimeRecordGroupWebservice_MainClass.java:389)
at sun.reflect.NativeMethodAccessorImpl.invoke0(Native Method)
at sun.reflect.NativeMethodAccessorImpl.invoke(Unknown Source)
at sun.reflect.DelegatingMethodAccessorImpl.invoke(Unknown Source)
at java.lang.reflect.Method.invoke(Unknown Source)
at org.testng.internal.MethodInvocationHelper.invokeMethod(MethodInvocationHelper.java:124)
at org.testng.internal.Invoker.invokeMethod(Invoker.java:580)
at org.testng.internal.Invoker.invokeTestMethod(Invoker.java:716)
at org.testng.internal.Invoker.invokeTestMethods(Invoker.java:988)
at org.testng.internal.TestMethodWorker.invokeTestMethods(TestMethodWorker.java:125)
at org.testng.internal.TestMethodWorker.run(TestMethodWorker.java:109)
at org.testng.TestRunner.privateRun(TestRunner.java:648)
at org.testng.TestRunner.run(TestRunner.java:505)
at org.testng.SuiteRunner.runTest(SuiteRunner.java:455)
at org.testng.SuiteRunner.runSequentially(SuiteRunner.java:450)
at org.testng.SuiteRunner.privateRun(SuiteRunner.java:415)
at org.testng.SuiteRunner.run(SuiteRunner.java:364)
at org.testng.SuiteRunnerWorker.runSuite(SuiteRunnerWorker.java:52)
at org.testng.SuiteRunnerWorker.run(SuiteRunnerWorker.java:84)
at org.testng.TestNG.runSuitesSequentially(TestNG.java:1208)
at org.testng.TestNG.runSuitesLocally(TestNG.java:1137)
at org.testng.TestNG.runSuites(TestNG.java:1049)
at org.testng.TestNG.run(TestNG.java:1017)
at OCTS_Automation_Main_Modules.Invoke_TestNG_Classes.iterateThroughTestCases(Invoke_TestNG_Classes.java:171)
at OCTS_UI.FXMLController$1.call(FXMLController.java:580)
at javafx.concurrent.Task$TaskCallable.call(Task.java:1423)
at java.util.concurrent.FutureTask.run(Unknown Source)
at java.lang.Thread.run(Unknown Source)
]]>
            </full-stacktrace>
          </exception> <!-- java.lang.Exception -->
          <reporter-output>
          </reporter-output>
        </test-method> <!-- HCM_TimeRecordGroup -->
        <test-method status="PASS" signature="getResult(org.testng.ITestResult)[pri:0, instance:OCTS_USECASE_Employee.HCM_TimeRecordGroupWebservice_MainClass@5a22f62c]" name="getResult" is-config="true" duration-ms="2" started-at="2018-09-21T07:27:16Z" finished-at="2018-09-21T07:27:16Z">
          <params>
            <param index="0">
              <value>
                <![CDATA[[TestResult name=HCM_TimeRecordGroup status=FAILURE method=HCM_TimeRecordGroupWebservice_MainClass.HCM_TimeRecordGroup(java.lang.String, java.lang.String)[pri:0, instance:OCTS_USECASE_Employee.HCM_TimeRecordGroupWebservice_MainClass@5a22f62c] output={null}]]]>
              </value>
            </param>
          </params>
          <reporter-output>
          </reporter-output>
        </test-method> <!-- getResult -->
      </class> <!-- OCTS_USECASE_Employee.HCM_TimeRecordGroupWebservice_MainClass -->
    </test> <!-- test-number-19 -->
    <test name="test-number-20" duration-ms="58" started-at="2018-09-21T07:27:16Z" finished-at="2018-09-21T07:27:16Z">
      <class name="OCTS_USECASE_Employee.TimeRecordGroupEmployeeValidation">
        <test-method status="PASS" signature="timeRecordGroupEmployeeValidation()[pri:0, instance:OCTS_USECASE_Employee.TimeRecordGroupEmployeeValidation@6ef10b55]" name="timeRecordGroupEmployeeValidation" duration-ms="56" started-at="2018-09-21T07:27:16Z" finished-at="2018-09-21T07:27:16Z">
          <reporter-output>
          </reporter-output>
        </test-method> <!-- timeRecordGroupEmployeeValidation -->
        <test-method status="PASS" signature="getResult(org.testng.ITestResult)[pri:0, instance:OCTS_USECASE_Employee.TimeRecordGroupEmployeeValidation@6ef10b55]" name="getResult" is-config="true" duration-ms="0" started-at="2018-09-21T07:27:16Z" finished-at="2018-09-21T07:27:16Z">
          <params>
            <param index="0">
              <value>
                <![CDATA[[TestResult name=timeRecordGroupEmployeeValidation status=SUCCESS method=TimeRecordGroupEmployeeValidation.timeRecordGroupEmployeeValidation()[pri:0, instance:OCTS_USECASE_Employee.TimeRecordGroupEmployeeValidation@6ef10b55] output={null}]]]>
              </value>
            </param>
          </params>
          <reporter-output>
          </reporter-output>
        </test-method> <!-- getResult -->
      </class> <!-- OCTS_USECASE_Employee.TimeRecordGroupEmployeeValidation -->
    </test> <!-- test-number-20 -->
    <test name="test-number-21" duration-ms="189" started-at="2018-09-21T07:27:16Z" finished-at="2018-09-21T07:27:16Z">
      <class name="OCTS_USECASE_Employee.DeleteTimeRecordGroupEmployeeValidation">
        <test-method status="PASS" signature="deleteTimeRecordGroupEmployeeValidation()[pri:0, instance:OCTS_USECASE_Employee.DeleteTimeRecordGroupEmployeeValidation@22d96f4a]" name="deleteTimeRecordGroupEmployeeValidation" duration-ms="188" started-at="2018-09-21T07:27:16Z" finished-at="2018-09-21T07:27:16Z">
          <reporter-output>
          </reporter-output>
        </test-method> <!-- deleteTimeRecordGroupEmployeeValidation -->
        <test-method status="PASS" signature="getResult(org.testng.ITestResult)[pri:0, instance:OCTS_USECASE_Employee.DeleteTimeRecordGroupEmployeeValidation@22d96f4a]" name="getResult" is-config="true" duration-ms="0" started-at="2018-09-21T07:27:16Z" finished-at="2018-09-21T07:27:16Z">
          <params>
            <param index="0">
              <value>
                <![CDATA[[TestResult name=deleteTimeRecordGroupEmployeeValidation status=SUCCESS method=DeleteTimeRecordGroupEmployeeValidation.deleteTimeRecordGroupEmployeeValidation()[pri:0, instance:OCTS_USECASE_Employee.DeleteTimeRecordGroupEmployeeValidation@22d96f4a] output={null}]]]>
              </value>
            </param>
          </params>
          <reporter-output>
          </reporter-output>
        </test-method> <!-- getResult -->
      </class> <!-- OCTS_USECASE_Employee.DeleteTimeRecordGroupEmployeeValidation -->
    </test> <!-- test-number-21 -->
    <test name="test-number-22" duration-ms="1706" started-at="2018-09-21T07:27:16Z" finished-at="2018-09-21T07:27:18Z">
      <class name="OCTS_USECASE_Employee.HCM_AssignedPayroll_Webservice_MainClass">
        <test-method status="FAIL" signature="HCM_AssignedPayroll(java.lang.String, java.lang.String)[pri:0, instance:OCTS_USECASE_Employee.HCM_AssignedPayroll_Webservice_MainClass@5ebd8242]" name="HCM_AssignedPayroll" duration-ms="1703" started-at="2018-09-21T07:27:16Z" finished-at="2018-09-21T07:27:18Z">
          <params>
            <param index="0">
              <value>
                <![CDATA[C:\Automation_OCTS\Data\InputDataSheet\ERP_HCM_Worker_InputDatasheet.xlsx]]>
              </value>
            </param>
            <param index="1">
              <value>
                <![CDATA[C:\Automation_OCTS\Data\DAT\Worker.zip]]>
              </value>
            </param>
          </params>
          <exception class="java.lang.Exception">
            <message>
              <![CDATA[UploadFileToUcm: Error occurred while sending SOAP Request to Server]]>
            </message>
            <full-stacktrace>
              <![CDATA[java.lang.Exception: UploadFileToUcm: Error occurred while sending SOAP Request to Server
at OCTS_USECASE_Employee.HCM_AssignedPayroll_Webservice_MainClass.HCM_AssignedPayroll(HCM_AssignedPayroll_Webservice_MainClass.java:389)
at sun.reflect.NativeMethodAccessorImpl.invoke0(Native Method)
at sun.reflect.NativeMethodAccessorImpl.invoke(Unknown Source)
at sun.reflect.DelegatingMethodAccessorImpl.invoke(Unknown Source)
at java.lang.reflect.Method.invoke(Unknown Source)
at org.testng.internal.MethodInvocationHelper.invokeMethod(MethodInvocationHelper.java:124)
at org.testng.internal.Invoker.invokeMethod(Invoker.java:580)
at org.testng.internal.Invoker.invokeTestMethod(Invoker.java:716)
at org.testng.internal.Invoker.invokeTestMethods(Invoker.java:988)
at org.testng.internal.TestMethodWorker.invokeTestMethods(TestMethodWorker.java:125)
at org.testng.internal.TestMethodWorker.run(TestMethodWorker.java:109)
at org.testng.TestRunner.privateRun(TestRunner.java:648)
at org.testng.TestRunner.run(TestRunner.java:505)
at org.testng.SuiteRunner.runTest(SuiteRunner.java:455)
at org.testng.SuiteRunner.runSequentially(SuiteRunner.java:450)
at org.testng.SuiteRunner.privateRun(SuiteRunner.java:415)
at org.testng.SuiteRunner.run(SuiteRunner.java:364)
at org.testng.SuiteRunnerWorker.runSuite(SuiteRunnerWorker.java:52)
at org.testng.SuiteRunnerWorker.run(SuiteRunnerWorker.java:84)
at org.testng.TestNG.runSuitesSequentially(TestNG.java:1208)
at org.testng.TestNG.runSuitesLocally(TestNG.java:1137)
at org.testng.TestNG.runSuites(TestNG.java:1049)
at org.testng.TestNG.run(TestNG.java:1017)
at OCTS_Automation_Main_Modules.Invoke_TestNG_Classes.iterateThroughTestCases(Invoke_TestNG_Classes.java:171)
at OCTS_UI.FXMLController$1.call(FXMLController.java:580)
at javafx.concurrent.Task$TaskCallable.call(Task.java:1423)
at java.util.concurrent.FutureTask.run(Unknown Source)
at java.lang.Thread.run(Unknown Source)
]]>
            </full-stacktrace>
          </exception> <!-- java.lang.Exception -->
          <reporter-output>
          </reporter-output>
        </test-method> <!-- HCM_AssignedPayroll -->
        <test-method status="PASS" signature="getResult(org.testng.ITestResult)[pri:0, instance:OCTS_USECASE_Employee.HCM_AssignedPayroll_Webservice_MainClass@5ebd8242]" name="getResult" is-config="true" duration-ms="1" started-at="2018-09-21T07:27:18Z" finished-at="2018-09-21T07:27:18Z">
          <params>
            <param index="0">
              <value>
                <![CDATA[[TestResult name=HCM_AssignedPayroll status=FAILURE method=HCM_AssignedPayroll_Webservice_MainClass.HCM_AssignedPayroll(java.lang.String, java.lang.String)[pri:0, instance:OCTS_USECASE_Employee.HCM_AssignedPayroll_Webservice_MainClass@5ebd8242] output={null}]]]>
              </value>
            </param>
          </params>
          <reporter-output>
          </reporter-output>
        </test-method> <!-- getResult -->
      </class> <!-- OCTS_USECASE_Employee.HCM_AssignedPayroll_Webservice_MainClass -->
    </test> <!-- test-number-22 -->
    <test name="test-number-23" duration-ms="22" started-at="2018-09-21T07:27:18Z" finished-at="2018-09-21T07:27:18Z">
      <class name="OCTS_USECASE_Employee.AssignedPayrollEmployeeValidation">
        <test-method status="PASS" signature="assignedPayrollEmployeeValidation()[pri:0, instance:OCTS_USECASE_Employee.AssignedPayrollEmployeeValidation@3730fecd]" name="assignedPayrollEmployeeValidation" duration-ms="22" started-at="2018-09-21T07:27:18Z" finished-at="2018-09-21T07:27:18Z">
          <reporter-output>
          </reporter-output>
        </test-method> <!-- assignedPayrollEmployeeValidation -->
        <test-method status="PASS" signature="getResult(org.testng.ITestResult)[pri:0, instance:OCTS_USECASE_Employee.AssignedPayrollEmployeeValidation@3730fecd]" name="getResult" is-config="true" duration-ms="0" started-at="2018-09-21T07:27:18Z" finished-at="2018-09-21T07:27:18Z">
          <params>
            <param index="0">
              <value>
                <![CDATA[[TestResult name=assignedPayrollEmployeeValidation status=SUCCESS method=AssignedPayrollEmployeeValidation.assignedPayrollEmployeeValidation()[pri:0, instance:OCTS_USECASE_Employee.AssignedPayrollEmployeeValidation@3730fecd] output={null}]]]>
              </value>
            </param>
          </params>
          <reporter-output>
          </reporter-output>
        </test-method> <!-- getResult -->
      </class> <!-- OCTS_USECASE_Employee.AssignedPayrollEmployeeValidation -->
    </test> <!-- test-number-23 -->
    <test name="test-number-24" duration-ms="35" started-at="2018-09-21T07:27:18Z" finished-at="2018-09-21T07:27:18Z">
      <class name="OCTS_USECASE_Employee.DeleteAssignedPayrollEmployeeValidation">
        <test-method status="PASS" signature="deleteAssignedPayrollEmployeeValidation()[pri:0, instance:OCTS_USECASE_Employee.DeleteAssignedPayrollEmployeeValidation@58eef66e]" name="deleteAssignedPayrollEmployeeValidation" duration-ms="32" started-at="2018-09-21T07:27:18Z" finished-at="2018-09-21T07:27:18Z">
          <reporter-output>
          </reporter-output>
        </test-method> <!-- deleteAssignedPayrollEmployeeValidation -->
        <test-method status="PASS" signature="getResult(org.testng.ITestResult)[pri:0, instance:OCTS_USECASE_Employee.DeleteAssignedPayrollEmployeeValidation@58eef66e]" name="getResult" is-config="true" duration-ms="1" started-at="2018-09-21T07:27:18Z" finished-at="2018-09-21T07:27:18Z">
          <params>
            <param index="0">
              <value>
                <![CDATA[[TestResult name=deleteAssignedPayrollEmployeeValidation status=SUCCESS method=DeleteAssignedPayrollEmployeeValidation.deleteAssignedPayrollEmployeeValidation()[pri:0, instance:OCTS_USECASE_Employee.DeleteAssignedPayrollEmployeeValidation@58eef66e] output={null}]]]>
              </value>
            </param>
          </params>
          <reporter-output>
          </reporter-output>
        </test-method> <!-- getResult -->
      </class> <!-- OCTS_USECASE_Employee.DeleteAssignedPayrollEmployeeValidation -->
    </test> <!-- test-number-24 -->
    <test name="test-number-25" duration-ms="1264" started-at="2018-09-21T07:27:18Z" finished-at="2018-09-21T07:27:19Z">
      <class name="OCTS_USECASE_Employee.HCM_PersonAbsence_Webservice_MainClass">
        <test-method status="FAIL" signature="HCM_PersonAbsence(java.lang.String, java.lang.String)[pri:0, instance:OCTS_USECASE_Employee.HCM_PersonAbsence_Webservice_MainClass@41ab8e7]" name="HCM_PersonAbsence" duration-ms="1262" started-at="2018-09-21T07:27:18Z" finished-at="2018-09-21T07:27:19Z">
          <params>
            <param index="0">
              <value>
                <![CDATA[C:\Automation_OCTS\Data\InputDataSheet\ERP_HCM_Worker_InputDatasheet.xlsx]]>
              </value>
            </param>
            <param index="1">
              <value>
                <![CDATA[C:\Automation_OCTS\Data\DAT\Worker.zip]]>
              </value>
            </param>
          </params>
          <exception class="java.lang.Exception">
            <message>
              <![CDATA[UploadFileToUcm: Error occurred while sending SOAP Request to Server]]>
            </message>
            <full-stacktrace>
              <![CDATA[java.lang.Exception: UploadFileToUcm: Error occurred while sending SOAP Request to Server
at OCTS_USECASE_Employee.HCM_PersonAbsence_Webservice_MainClass.HCM_PersonAbsence(HCM_PersonAbsence_Webservice_MainClass.java:389)
at sun.reflect.NativeMethodAccessorImpl.invoke0(Native Method)
at sun.reflect.NativeMethodAccessorImpl.invoke(Unknown Source)
at sun.reflect.DelegatingMethodAccessorImpl.invoke(Unknown Source)
at java.lang.reflect.Method.invoke(Unknown Source)
at org.testng.internal.MethodInvocationHelper.invokeMethod(MethodInvocationHelper.java:124)
at org.testng.internal.Invoker.invokeMethod(Invoker.java:580)
at org.testng.internal.Invoker.invokeTestMethod(Invoker.java:716)
at org.testng.internal.Invoker.invokeTestMethods(Invoker.java:988)
at org.testng.internal.TestMethodWorker.invokeTestMethods(TestMethodWorker.java:125)
at org.testng.internal.TestMethodWorker.run(TestMethodWorker.java:109)
at org.testng.TestRunner.privateRun(TestRunner.java:648)
at org.testng.TestRunner.run(TestRunner.java:505)
at org.testng.SuiteRunner.runTest(SuiteRunner.java:455)
at org.testng.SuiteRunner.runSequentially(SuiteRunner.java:450)
at org.testng.SuiteRunner.privateRun(SuiteRunner.java:415)
at org.testng.SuiteRunner.run(SuiteRunner.java:364)
at org.testng.SuiteRunnerWorker.runSuite(SuiteRunnerWorker.java:52)
at org.testng.SuiteRunnerWorker.run(SuiteRunnerWorker.java:84)
at org.testng.TestNG.runSuitesSequentially(TestNG.java:1208)
at org.testng.TestNG.runSuitesLocally(TestNG.java:1137)
at org.testng.TestNG.runSuites(TestNG.java:1049)
at org.testng.TestNG.run(TestNG.java:1017)
at OCTS_Automation_Main_Modules.Invoke_TestNG_Classes.iterateThroughTestCases(Invoke_TestNG_Classes.java:171)
at OCTS_UI.FXMLController$1.call(FXMLController.java:580)
at javafx.concurrent.Task$TaskCallable.call(Task.java:1423)
at java.util.concurrent.FutureTask.run(Unknown Source)
at java.lang.Thread.run(Unknown Source)
]]>
            </full-stacktrace>
          </exception> <!-- java.lang.Exception -->
          <reporter-output>
          </reporter-output>
        </test-method> <!-- HCM_PersonAbsence -->
        <test-method status="PASS" signature="getResult(org.testng.ITestResult)[pri:0, instance:OCTS_USECASE_Employee.HCM_PersonAbsence_Webservice_MainClass@41ab8e7]" name="getResult" is-config="true" duration-ms="1" started-at="2018-09-21T07:27:19Z" finished-at="2018-09-21T07:27:19Z">
          <params>
            <param index="0">
              <value>
                <![CDATA[[TestResult name=HCM_PersonAbsence status=FAILURE method=HCM_PersonAbsence_Webservice_MainClass.HCM_PersonAbsence(java.lang.String, java.lang.String)[pri:0, instance:OCTS_USECASE_Employee.HCM_PersonAbsence_Webservice_MainClass@41ab8e7] output={null}]]]>
              </value>
            </param>
          </params>
          <reporter-output>
          </reporter-output>
        </test-method> <!-- getResult -->
      </class> <!-- OCTS_USECASE_Employee.HCM_PersonAbsence_Webservice_MainClass -->
    </test> <!-- test-number-25 -->
    <test name="test-number-26" duration-ms="42" started-at="2018-09-21T07:27:19Z" finished-at="2018-09-21T07:27:19Z">
      <class name="OCTS_USECASE_Employee.PersonAbsenceEmployeeValidation">
        <test-method status="PASS" signature="personAbsenceEmployeeValidation()[pri:0, instance:OCTS_USECASE_Employee.PersonAbsenceEmployeeValidation@1dcff361]" name="personAbsenceEmployeeValidation" duration-ms="41" started-at="2018-09-21T07:27:19Z" finished-at="2018-09-21T07:27:19Z">
          <reporter-output>
          </reporter-output>
        </test-method> <!-- personAbsenceEmployeeValidation -->
        <test-method status="PASS" signature="getResult(org.testng.ITestResult)[pri:0, instance:OCTS_USECASE_Employee.PersonAbsenceEmployeeValidation@1dcff361]" name="getResult" is-config="true" duration-ms="1" started-at="2018-09-21T07:27:19Z" finished-at="2018-09-21T07:27:19Z">
          <params>
            <param index="0">
              <value>
                <![CDATA[[TestResult name=personAbsenceEmployeeValidation status=SUCCESS method=PersonAbsenceEmployeeValidation.personAbsenceEmployeeValidation()[pri:0, instance:OCTS_USECASE_Employee.PersonAbsenceEmployeeValidation@1dcff361] output={null}]]]>
              </value>
            </param>
          </params>
          <reporter-output>
          </reporter-output>
        </test-method> <!-- getResult -->
      </class> <!-- OCTS_USECASE_Employee.PersonAbsenceEmployeeValidation -->
    </test> <!-- test-number-26 -->
    <test name="test-number-27" duration-ms="17" started-at="2018-09-21T07:27:19Z" finished-at="2018-09-21T07:27:19Z">
      <class name="OCTS_USECASE_Employee.DeletePersonAbsenceEmployeeValidation">
        <test-method status="PASS" signature="setUp()[pri:0, instance:OCTS_USECASE_Employee.DeletePersonAbsenceEmployeeValidation@3ac3dca3]" name="setUp" is-config="true" duration-ms="248" started-at="2018-09-21T07:16:39Z" finished-at="2018-09-21T07:16:40Z">
          <reporter-output>
          </reporter-output>
        </test-method> <!-- setUp -->
        <test-method status="PASS" signature="deletePersonAbsenceEmployeeValidation()[pri:0, instance:OCTS_USECASE_Employee.DeletePersonAbsenceEmployeeValidation@3ac3dca3]" name="deletePersonAbsenceEmployeeValidation" duration-ms="16" started-at="2018-09-21T07:27:19Z" finished-at="2018-09-21T07:27:19Z">
          <reporter-output>
          </reporter-output>
        </test-method> <!-- deletePersonAbsenceEmployeeValidation -->
        <test-method status="PASS" signature="getResult(org.testng.ITestResult)[pri:0, instance:OCTS_USECASE_Employee.DeletePersonAbsenceEmployeeValidation@3ac3dca3]" name="getResult" is-config="true" duration-ms="1" started-at="2018-09-21T07:27:19Z" finished-at="2018-09-21T07:27:19Z">
          <params>
            <param index="0">
              <value>
                <![CDATA[[TestResult name=deletePersonAbsenceEmployeeValidation status=SUCCESS method=DeletePersonAbsenceEmployeeValidation.deletePersonAbsenceEmployeeValidation()[pri:0, instance:OCTS_USECASE_Employee.DeletePersonAbsenceEmployeeValidation@3ac3dca3] output={null}]]]>
              </value>
            </param>
          </params>
          <reporter-output>
          </reporter-output>
        </test-method> <!-- getResult -->
        <test-method status="PASS" signature="tearDown()[pri:0, instance:OCTS_USECASE_Employee.DeletePersonAbsenceEmployeeValidation@3ac3dca3]" name="tearDown" is-config="true" duration-ms="1288" started-at="2018-09-21T07:27:19Z" finished-at="2018-09-21T07:27:20Z">
          <reporter-output>
          </reporter-output>
        </test-method> <!-- tearDown -->
      </class> <!-- OCTS_USECASE_Employee.DeletePersonAbsenceEmployeeValidation -->
    </test> <!-- test-number-27 -->
  </suite> <!-- Default Suite -->
</testng-results>
