<?xml version="1.0" encoding="UTF-8"?>
<!-- Generated by org.testng.reporters.JUnitXMLReporter -->
<testsuite hostname="SriHarishith" ignored="0" name="TmpTest" tests="1" failures="0" timestamp="07 Nov 2017 05:27:15 GMT" time="3.799" errors="0">
  <testcase name="run on ERP_Automation.ERP_FrontEnd[,0,0,0x0,invalid,layout=net.miginfocom.swing.MigLayout,alignmentX=0.0,alignmentY=0.0,border=,flags=9,maximumSize=,minimumSize=,preferredSize=]" time="3.631" classname="ERP_Automation.ERP_FrontEnd"/>
</testsuite> <!-- TmpTest -->
